2017/09/22 13:07:24.697 | 1 | Experior.TMS.FileLocationUpdateApp.DataUpdate.FileSystemTools | Warn | File not found: T:\P1123.PDF | 
2017/09/22 13:07:27.630 | 1 | Experior.TMS.FileLocationUpdateApp.DataUpdate.FileSystemTools | Warn | File not found: \\file-vm\csattachments\processed\P0000724\P0000724_POD_00010103-0000.pdf | 
2017/09/22 13:07:30.855 | 1 | Experior.TMS.FileLocationUpdateApp.DataUpdate.FileSystemTools | Warn | File not found: T:\P2203.PDF | 
2017/09/22 13:07:30.867 | 1 | Experior.TMS.FileLocationUpdateApp.DataUpdate.FileSystemTools | Warn | File not found: T:\P0002561-BOL.PDF | 
2017/09/22 13:07:30.878 | 1 | Experior.TMS.FileLocationUpdateApp.DataUpdate.FileSystemTools | Warn | File not found: T:\P0003182.PDF | 
2017/09/22 13:07:30.878 | 1 | Experior.TMS.FileLocationUpdateApp.DataUpdate.FileSystemTools | Warn | File not found: T:\P2931POD.PDF | 
2017/09/22 13:07:30.895 | 1 | Experior.TMS.FileLocationUpdateApp.DataUpdate.FileSystemTools | Warn | File not found: T:\P4258.PDF | 
2017/09/22 13:07:30.895 | 1 | Experior.TMS.FileLocationUpdateApp.DataUpdate.FileSystemTools | Warn | File not found: T:\P4835.PDF | 
2017/09/22 13:07:30.911 | 1 | Experior.TMS.FileLocationUpdateApp.DataUpdate.FileSystemTools | Warn | File not found: T:\4795.PDF | 
2017/09/22 13:07:30.911 | 1 | Experior.TMS.FileLocationUpdateApp.DataUpdate.FileSystemTools | Warn | File not found: T:\P5319POD.PDF | 
2017/09/22 13:07:30.931 | 1 | Experior.TMS.FileLocationUpdateApp.DataUpdate.FileSystemTools | Warn | File not found: T:\P6109POD.PDF | 
2017/09/22 13:07:30.939 | 1 | Experior.TMS.FileLocationUpdateApp.DataUpdate.FileSystemTools | Warn | File not found: T:\P6618POD.PDF | 
2017/09/22 13:07:30.939 | 1 | Experior.TMS.FileLocationUpdateApp.DataUpdate.FileSystemTools | Warn | File not found: T:\P7193 (2).PDF | 
2017/09/22 13:07:30.959 | 1 | Experior.TMS.FileLocationUpdateApp.DataUpdate.FileSystemTools | Warn | File not found: T:\P7137POD.PDF | 
2017/09/22 13:07:30.971 | 1 | Experior.TMS.FileLocationUpdateApp.DataUpdate.FileSystemTools | Warn | File not found: T:\P7516POD.PDF | 
2017/09/22 13:07:30.995 | 1 | Experior.TMS.FileLocationUpdateApp.DataUpdate.FileSystemTools | Warn | File not found: T:\P8501POD.PDF | 
2017/09/22 13:07:31.019 | 1 | Experior.TMS.FileLocationUpdateApp.DataUpdate.FileSystemTools | Warn | File not found: T:\P8494POD.PDF | 
2017/09/22 13:07:31.051 | 1 | Experior.TMS.FileLocationUpdateApp.DataUpdate.FileSystemTools | Warn | File not found: T:\P10412.PDF | 
2017/09/22 13:07:31.075 | 1 | Experior.TMS.FileLocationUpdateApp.DataUpdate.FileSystemTools | Warn | File not found: T:\P0010773AA-BOL.PDF | 
2017/09/22 13:07:31.091 | 1 | Experior.TMS.FileLocationUpdateApp.DataUpdate.FileSystemTools | Warn | File not found: T:\POLMAX SOLUTIONS\S370POD.PDF | 
2017/09/22 13:07:31.111 | 1 | Experior.TMS.FileLocationUpdateApp.DataUpdate.FileSystemTools | Warn | File not found: T:\P12757EMAIL.pdf | 
2017/09/22 13:07:31.131 | 1 | Experior.TMS.FileLocationUpdateApp.DataUpdate.FileSystemTools | Warn | File not found: T:\P13522.pdf | 
2017/09/22 13:07:31.151 | 1 | Experior.TMS.FileLocationUpdateApp.DataUpdate.FileSystemTools | Warn | File not found: T:\P14290.pdf | 
2017/09/22 13:07:31.170 | 1 | Experior.TMS.FileLocationUpdateApp.DataUpdate.FileSystemTools | Warn | File not found: T:\P0014775-BOL.pdf | 
2017/09/22 13:07:31.183 | 1 | Experior.TMS.FileLocationUpdateApp.DataUpdate.FileSystemTools | Warn | File not found: T:\P15627.pdf | 
2017/09/22 13:07:31.199 | 1 | Experior.TMS.FileLocationUpdateApp.DataUpdate.FileSystemTools | Warn | File not found: T:\P16474.pdf | 
2017/09/22 13:07:31.207 | 1 | Experior.TMS.FileLocationUpdateApp.DataUpdate.FileSystemTools | Warn | File not found: T:\P17220.pdf | 
2017/09/22 13:07:31.207 | 1 | Experior.TMS.FileLocationUpdateApp.DataUpdate.FileSystemTools | Warn | File not found: T:\P17963.pdf | 
2017/09/22 13:07:31.235 | 1 | Experior.TMS.FileLocationUpdateApp.DataUpdate.FileSystemTools | Warn | File not found: T:\P18517R.pdf | 
2017/09/22 13:07:31.251 | 1 | Experior.TMS.FileLocationUpdateApp.DataUpdate.FileSystemTools | Warn | File not found: T:\P19319.pdf | 
2017/09/22 13:07:31.311 | 1 | Experior.TMS.FileLocationUpdateApp.DataUpdate.FileSystemTools | Warn | File not found: T:\P19862-BOL.pdf | 
2017/09/22 13:07:31.327 | 1 | Experior.TMS.FileLocationUpdateApp.DataUpdate.FileSystemTools | Warn | File not found: \\FILE-VM\TempTM Confirmations\POLMAX SOLUTIONS\S1082POD.pdf | 
2017/09/22 13:07:31.343 | 1 | Experior.TMS.FileLocationUpdateApp.DataUpdate.FileSystemTools | Warn | File not found: T:\P21212.pdf | 
2017/09/22 13:07:31.351 | 1 | Experior.TMS.FileLocationUpdateApp.DataUpdate.FileSystemTools | Warn | File not found: \\FILE-VM\TempTM Confirmations\POLMAX SOLUTIONS\S1119POD.pdf | 
2017/09/22 13:07:31.363 | 1 | Experior.TMS.FileLocationUpdateApp.DataUpdate.FileSystemTools | Warn | File not found: T:\P22098R.pdf | 
2017/09/22 13:07:31.363 | 1 | Experior.TMS.FileLocationUpdateApp.DataUpdate.FileSystemTools | Warn | File not found: T:\P22750R.pdf | 
2017/09/22 13:07:31.383 | 1 | Experior.TMS.FileLocationUpdateApp.DataUpdate.FileSystemTools | Warn | File not found: T:\P23525AA-BOL.pdf | 
2017/09/22 13:07:31.383 | 1 | Experior.TMS.FileLocationUpdateApp.DataUpdate.FileSystemTools | Warn | File not found: T:\P24680.pdf | 
2017/09/22 13:07:31.403 | 1 | Experior.TMS.FileLocationUpdateApp.DataUpdate.FileSystemTools | Warn | File not found: T:\P25146.pdf | 
2017/09/22 13:07:31.411 | 1 | Experior.TMS.FileLocationUpdateApp.DataUpdate.FileSystemTools | Warn | File not found: T:\P25584-BOL.pdf | 
2017/09/22 13:07:31.411 | 1 | Experior.TMS.FileLocationUpdateApp.DataUpdate.FileSystemTools | Warn | File not found: T:\P26899-BOL.pdf | 
2017/09/22 13:07:31.431 | 1 | Experior.TMS.FileLocationUpdateApp.DataUpdate.FileSystemTools | Warn | File not found: T:\P27422LUMPER.PDF | 
2017/09/22 13:07:31.431 | 1 | Experior.TMS.FileLocationUpdateApp.DataUpdate.FileSystemTools | Warn | File not found: T:\P28887.pdf | 
2017/09/22 13:07:31.447 | 1 | Experior.TMS.FileLocationUpdateApp.DataUpdate.FileSystemTools | Warn | File not found: T:\P29308-BOL.pdf | 
2017/09/22 13:07:31.459 | 1 | Experior.TMS.FileLocationUpdateApp.DataUpdate.FileSystemTools | Warn | File not found: T:\P0030264.pdf | 
2017/09/22 13:07:31.459 | 1 | Experior.TMS.FileLocationUpdateApp.DataUpdate.FileSystemTools | Warn | File not found: T:\P30849-BOL.pdf | 
2017/09/22 13:07:31.481 | 1 | Experior.TMS.FileLocationUpdateApp.DataUpdate.FileSystemTools | Warn | File not found: T:\POLMAX LOGISTICS\PODS\C516 | 
2017/09/22 13:07:31.487 | 1 | Experior.TMS.FileLocationUpdateApp.DataUpdate.FileSystemTools | Warn | File not found: T:\P32271.pdf | 
2017/09/22 13:07:31.487 | 1 | Experior.TMS.FileLocationUpdateApp.DataUpdate.FileSystemTools | Warn | File not found: T:\P32847-BOL.pdf | 
2017/09/22 13:07:31.507 | 1 | Experior.TMS.FileLocationUpdateApp.DataUpdate.FileSystemTools | Warn | File not found: T:\P33588.pdf | 
2017/09/22 13:07:31.519 | 1 | Experior.TMS.FileLocationUpdateApp.DataUpdate.FileSystemTools | Warn | File not found: T:\P34239-BOL.pdf | 
2017/09/22 13:07:31.519 | 1 | Experior.TMS.FileLocationUpdateApp.DataUpdate.FileSystemTools | Warn | File not found: T:\P34893-BOL.pdf | 
2017/09/22 13:24:32.221 | 1 | Experior.TMS.FileLocationUpdateApp.DataUpdate.Worker | Warn | LastProcessedRecordId = 0. Please specify correct Id in app.config | 
2017/09/22 13:26:13.713 | 1 | Experior.TMS.FileLocationUpdateApp.DataUpdate.FileSystemTools | Warn | File not found: T:\P1123.PDF | 
2017/09/22 13:27:23.313 | 1 | Experior.TMS.FileLocationUpdateApp.DataUpdate.FileSystemTools | Warn | File not found: T:\P1123.PDF | 
2017/09/22 13:27:25.584 | 1 | Experior.TMS.FileLocationUpdateApp.DataUpdate.FileSystemTools | Warn | File not found: \\file-vm\csattachments\processed\P0000724\P0000724_POD_00010103-0000.pdf | 
2017/09/22 13:27:25.604 | 1 | Experior.TMS.FileLocationUpdateApp.DataUpdate.FileSystemTools | Warn | File not found: T:\P2203.PDF | 
2017/09/22 13:27:25.628 | 1 | Experior.TMS.FileLocationUpdateApp.DataUpdate.FileSystemTools | Warn | File not found: T:\P0002561-BOL.PDF | 
2017/09/22 13:27:25.644 | 1 | Experior.TMS.FileLocationUpdateApp.DataUpdate.FileSystemTools | Warn | File not found: T:\P0003182.PDF | 
2017/09/22 13:27:25.664 | 1 | Experior.TMS.FileLocationUpdateApp.DataUpdate.FileSystemTools | Warn | File not found: T:\P2931POD.PDF | 
2017/09/22 13:27:25.684 | 1 | Experior.TMS.FileLocationUpdateApp.DataUpdate.FileSystemTools | Warn | File not found: T:\P4258.PDF | 
2017/09/22 13:27:25.704 | 1 | Experior.TMS.FileLocationUpdateApp.DataUpdate.FileSystemTools | Warn | File not found: T:\P4835.PDF | 
2017/09/22 13:27:25.724 | 1 | Experior.TMS.FileLocationUpdateApp.DataUpdate.FileSystemTools | Warn | File not found: T:\4795.PDF | 
2017/09/22 13:27:25.744 | 1 | Experior.TMS.FileLocationUpdateApp.DataUpdate.FileSystemTools | Warn | File not found: T:\P5319POD.PDF | 
2017/09/22 13:27:25.764 | 1 | Experior.TMS.FileLocationUpdateApp.DataUpdate.FileSystemTools | Warn | File not found: T:\P6109POD.PDF | 
2017/09/22 13:27:25.788 | 1 | Experior.TMS.FileLocationUpdateApp.DataUpdate.FileSystemTools | Warn | File not found: T:\P6618POD.PDF | 
2017/09/22 13:27:25.800 | 1 | Experior.TMS.FileLocationUpdateApp.DataUpdate.FileSystemTools | Warn | File not found: T:\P7193 (2).PDF | 
2017/09/22 13:27:25.800 | 1 | Experior.TMS.FileLocationUpdateApp.DataUpdate.FileSystemTools | Warn | File not found: T:\P7137POD.PDF | 
2017/09/22 13:27:25.828 | 1 | Experior.TMS.FileLocationUpdateApp.DataUpdate.FileSystemTools | Warn | File not found: T:\P7516POD.PDF | 
2017/09/22 13:27:25.840 | 1 | Experior.TMS.FileLocationUpdateApp.DataUpdate.FileSystemTools | Warn | File not found: T:\P8501POD.PDF | 
2017/09/22 13:27:25.852 | 1 | Experior.TMS.FileLocationUpdateApp.DataUpdate.FileSystemTools | Warn | File not found: T:\P8494POD.PDF | 
2017/09/22 13:27:25.864 | 1 | Experior.TMS.FileLocationUpdateApp.DataUpdate.FileSystemTools | Warn | File not found: T:\P10412.PDF | 
2017/09/22 13:27:25.864 | 1 | Experior.TMS.FileLocationUpdateApp.DataUpdate.FileSystemTools | Warn | File not found: T:\P0010773AA-BOL.PDF | 
2017/09/22 13:27:25.888 | 1 | Experior.TMS.FileLocationUpdateApp.DataUpdate.FileSystemTools | Warn | File not found: T:\POLMAX SOLUTIONS\S370POD.PDF | 
2017/09/22 13:27:25.900 | 1 | Experior.TMS.FileLocationUpdateApp.DataUpdate.FileSystemTools | Warn | File not found: T:\P12757EMAIL.pdf | 
2017/09/22 13:27:25.914 | 1 | Experior.TMS.FileLocationUpdateApp.DataUpdate.FileSystemTools | Warn | File not found: T:\P13522.pdf | 
2017/09/22 13:27:25.924 | 1 | Experior.TMS.FileLocationUpdateApp.DataUpdate.FileSystemTools | Warn | File not found: T:\P14290.pdf | 
2017/09/22 13:27:25.924 | 1 | Experior.TMS.FileLocationUpdateApp.DataUpdate.FileSystemTools | Warn | File not found: T:\P0014775-BOL.pdf | 
2017/09/22 13:27:25.944 | 1 | Experior.TMS.FileLocationUpdateApp.DataUpdate.FileSystemTools | Warn | File not found: T:\P15627.pdf | 
2017/09/22 13:27:25.956 | 1 | Experior.TMS.FileLocationUpdateApp.DataUpdate.FileSystemTools | Warn | File not found: T:\P16474.pdf | 
2017/09/22 13:27:25.972 | 1 | Experior.TMS.FileLocationUpdateApp.DataUpdate.FileSystemTools | Warn | File not found: T:\P17220.pdf | 
2017/09/22 13:27:25.988 | 1 | Experior.TMS.FileLocationUpdateApp.DataUpdate.FileSystemTools | Warn | File not found: T:\P17963.pdf | 
2017/09/22 13:27:26.023 | 1 | Experior.TMS.FileLocationUpdateApp.DataUpdate.FileSystemTools | Warn | File not found: T:\P18517R.pdf | 
2017/09/22 13:27:26.036 | 1 | Experior.TMS.FileLocationUpdateApp.DataUpdate.FileSystemTools | Warn | File not found: T:\P19319.pdf | 
2017/09/22 13:27:26.056 | 1 | Experior.TMS.FileLocationUpdateApp.DataUpdate.FileSystemTools | Warn | File not found: T:\P19862-BOL.pdf | 
2017/09/22 13:27:26.072 | 1 | Experior.TMS.FileLocationUpdateApp.DataUpdate.FileSystemTools | Warn | File not found: \\FILE-VM\TempTM Confirmations\POLMAX SOLUTIONS\S1082POD.pdf | 
2017/09/22 13:27:26.088 | 1 | Experior.TMS.FileLocationUpdateApp.DataUpdate.FileSystemTools | Warn | File not found: T:\P21212.pdf | 
2017/09/22 13:27:26.137 | 1 | Experior.TMS.FileLocationUpdateApp.DataUpdate.FileSystemTools | Warn | File not found: \\FILE-VM\TempTM Confirmations\POLMAX SOLUTIONS\S1119POD.pdf | 
2017/09/22 13:27:26.154 | 1 | Experior.TMS.FileLocationUpdateApp.DataUpdate.FileSystemTools | Warn | File not found: T:\P22098R.pdf | 
2017/09/22 13:27:26.166 | 1 | Experior.TMS.FileLocationUpdateApp.DataUpdate.FileSystemTools | Warn | File not found: T:\P22750R.pdf | 
2017/09/22 13:27:26.177 | 1 | Experior.TMS.FileLocationUpdateApp.DataUpdate.FileSystemTools | Warn | File not found: T:\P23525AA-BOL.pdf | 
2017/09/22 13:27:26.196 | 1 | Experior.TMS.FileLocationUpdateApp.DataUpdate.FileSystemTools | Warn | File not found: T:\P24680.pdf | 
2017/09/22 13:27:26.210 | 1 | Experior.TMS.FileLocationUpdateApp.DataUpdate.FileSystemTools | Warn | File not found: T:\P25146.pdf | 
2017/09/22 13:27:26.222 | 1 | Experior.TMS.FileLocationUpdateApp.DataUpdate.FileSystemTools | Warn | File not found: T:\P25584-BOL.pdf | 
2017/09/22 13:27:26.222 | 1 | Experior.TMS.FileLocationUpdateApp.DataUpdate.FileSystemTools | Warn | File not found: T:\P26899-BOL.pdf | 
2017/09/22 13:27:26.244 | 1 | Experior.TMS.FileLocationUpdateApp.DataUpdate.FileSystemTools | Warn | File not found: T:\P27422LUMPER.PDF | 
2017/09/22 13:27:26.255 | 1 | Experior.TMS.FileLocationUpdateApp.DataUpdate.FileSystemTools | Warn | File not found: T:\P28887.pdf | 
2017/09/22 13:27:26.276 | 1 | Experior.TMS.FileLocationUpdateApp.DataUpdate.FileSystemTools | Warn | File not found: T:\P29308-BOL.pdf | 
2017/09/22 13:27:26.295 | 1 | Experior.TMS.FileLocationUpdateApp.DataUpdate.FileSystemTools | Warn | File not found: T:\P0030264.pdf | 
2017/09/22 13:27:26.315 | 1 | Experior.TMS.FileLocationUpdateApp.DataUpdate.FileSystemTools | Warn | File not found: T:\P30849-BOL.pdf | 
2017/09/22 13:27:26.315 | 1 | Experior.TMS.FileLocationUpdateApp.DataUpdate.FileSystemTools | Warn | File not found: T:\POLMAX LOGISTICS\PODS\C516 | 
2017/09/22 13:27:26.347 | 1 | Experior.TMS.FileLocationUpdateApp.DataUpdate.FileSystemTools | Warn | File not found: T:\P32271.pdf | 
2017/09/22 13:27:26.363 | 1 | Experior.TMS.FileLocationUpdateApp.DataUpdate.FileSystemTools | Warn | File not found: T:\P32847-BOL.pdf | 
2017/09/22 13:27:26.379 | 1 | Experior.TMS.FileLocationUpdateApp.DataUpdate.FileSystemTools | Warn | File not found: T:\P33588.pdf | 
2017/09/22 13:27:26.379 | 1 | Experior.TMS.FileLocationUpdateApp.DataUpdate.FileSystemTools | Warn | File not found: T:\P34239-BOL.pdf | 
2017/09/22 13:27:26.403 | 1 | Experior.TMS.FileLocationUpdateApp.DataUpdate.FileSystemTools | Warn | File not found: T:\P34893-BOL.pdf | 
2017/09/22 13:35:09.917 | 1 | Experior.TMS.FileLocationUpdateApp.DataUpdate.Worker | Warn | LastProcessedRecordId = 0. Please specify correct Id in app.config | 
2017/09/22 13:38:09.435 | 1 | Experior.TMS.FileLocationUpdateApp.DataUpdate.FileSystemTools | Warn | File not found: T:\P1123.PDF | 
2017/09/22 13:38:11.703 | 1 | Experior.TMS.FileLocationUpdateApp.DataUpdate.FileSystemTools | Warn | File not found: \\file-vm\csattachments\processed\P0000724\P0000724_POD_00010103-0000.pdf | 
2017/09/22 13:38:11.722 | 1 | Experior.TMS.FileLocationUpdateApp.DataUpdate.FileSystemTools | Warn | File not found: T:\P2203.PDF | 
2017/09/22 13:38:11.722 | 1 | Experior.TMS.FileLocationUpdateApp.DataUpdate.FileSystemTools | Warn | File not found: T:\P0002561-BOL.PDF | 
2017/09/22 13:38:11.742 | 1 | Experior.TMS.FileLocationUpdateApp.DataUpdate.FileSystemTools | Warn | File not found: T:\P0003182.PDF | 
2017/09/22 13:38:11.753 | 1 | Experior.TMS.FileLocationUpdateApp.DataUpdate.FileSystemTools | Warn | File not found: T:\P2931POD.PDF | 
2017/09/22 13:38:11.768 | 1 | Experior.TMS.FileLocationUpdateApp.DataUpdate.FileSystemTools | Warn | File not found: T:\P4258.PDF | 
2017/09/22 13:38:11.768 | 1 | Experior.TMS.FileLocationUpdateApp.DataUpdate.FileSystemTools | Warn | File not found: T:\P4835.PDF | 
2017/09/22 13:38:11.789 | 1 | Experior.TMS.FileLocationUpdateApp.DataUpdate.FileSystemTools | Warn | File not found: T:\4795.PDF | 
2017/09/22 13:38:11.789 | 1 | Experior.TMS.FileLocationUpdateApp.DataUpdate.FileSystemTools | Warn | File not found: T:\P5319POD.PDF | 
2017/09/22 13:38:11.817 | 1 | Experior.TMS.FileLocationUpdateApp.DataUpdate.FileSystemTools | Warn | File not found: T:\P6109POD.PDF | 
2017/09/22 13:38:11.817 | 1 | Experior.TMS.FileLocationUpdateApp.DataUpdate.FileSystemTools | Warn | File not found: T:\P6618POD.PDF | 
2017/09/22 13:38:11.835 | 1 | Experior.TMS.FileLocationUpdateApp.DataUpdate.FileSystemTools | Warn | File not found: T:\P7193 (2).PDF | 
2017/09/22 13:38:11.845 | 1 | Experior.TMS.FileLocationUpdateApp.DataUpdate.FileSystemTools | Warn | File not found: T:\P7137POD.PDF | 
2017/09/22 13:38:11.845 | 1 | Experior.TMS.FileLocationUpdateApp.DataUpdate.FileSystemTools | Warn | File not found: T:\P7516POD.PDF | 
2017/09/22 13:38:11.867 | 1 | Experior.TMS.FileLocationUpdateApp.DataUpdate.FileSystemTools | Warn | File not found: T:\P8501POD.PDF | 
2017/09/22 13:38:11.879 | 1 | Experior.TMS.FileLocationUpdateApp.DataUpdate.FileSystemTools | Warn | File not found: T:\P8494POD.PDF | 
2017/09/22 13:38:11.879 | 1 | Experior.TMS.FileLocationUpdateApp.DataUpdate.FileSystemTools | Warn | File not found: T:\P10412.PDF | 
2017/09/22 13:38:11.899 | 1 | Experior.TMS.FileLocationUpdateApp.DataUpdate.FileSystemTools | Warn | File not found: T:\P0010773AA-BOL.PDF | 
2017/09/22 13:38:11.911 | 1 | Experior.TMS.FileLocationUpdateApp.DataUpdate.FileSystemTools | Warn | File not found: T:\POLMAX SOLUTIONS\S370POD.PDF | 
2017/09/22 13:38:11.911 | 1 | Experior.TMS.FileLocationUpdateApp.DataUpdate.FileSystemTools | Warn | File not found: T:\P12757EMAIL.pdf | 
2017/09/22 13:38:11.933 | 1 | Experior.TMS.FileLocationUpdateApp.DataUpdate.FileSystemTools | Warn | File not found: T:\P13522.pdf | 
2017/09/22 13:38:11.944 | 1 | Experior.TMS.FileLocationUpdateApp.DataUpdate.FileSystemTools | Warn | File not found: T:\P14290.pdf | 
2017/09/22 13:38:11.944 | 1 | Experior.TMS.FileLocationUpdateApp.DataUpdate.FileSystemTools | Warn | File not found: T:\P0014775-BOL.pdf | 
2017/09/22 13:38:11.964 | 1 | Experior.TMS.FileLocationUpdateApp.DataUpdate.FileSystemTools | Warn | File not found: T:\P15627.pdf | 
2017/09/22 13:38:11.977 | 1 | Experior.TMS.FileLocationUpdateApp.DataUpdate.FileSystemTools | Warn | File not found: T:\P16474.pdf | 
2017/09/22 13:38:11.992 | 1 | Experior.TMS.FileLocationUpdateApp.DataUpdate.FileSystemTools | Warn | File not found: T:\P17220.pdf | 
2017/09/22 13:38:12.004 | 1 | Experior.TMS.FileLocationUpdateApp.DataUpdate.FileSystemTools | Warn | File not found: T:\P17963.pdf | 
2017/09/22 13:38:12.004 | 1 | Experior.TMS.FileLocationUpdateApp.DataUpdate.FileSystemTools | Warn | File not found: T:\P18517R.pdf | 
2017/09/22 13:38:12.025 | 1 | Experior.TMS.FileLocationUpdateApp.DataUpdate.FileSystemTools | Warn | File not found: T:\P19319.pdf | 
2017/09/22 13:38:12.033 | 1 | Experior.TMS.FileLocationUpdateApp.DataUpdate.FileSystemTools | Warn | File not found: T:\P19862-BOL.pdf | 
2017/09/22 13:38:12.033 | 1 | Experior.TMS.FileLocationUpdateApp.DataUpdate.FileSystemTools | Warn | File not found: \\FILE-VM\TempTM Confirmations\POLMAX SOLUTIONS\S1082POD.pdf | 
2017/09/22 13:38:12.053 | 1 | Experior.TMS.FileLocationUpdateApp.DataUpdate.FileSystemTools | Warn | File not found: T:\P21212.pdf | 
2017/09/22 13:38:12.070 | 1 | Experior.TMS.FileLocationUpdateApp.DataUpdate.FileSystemTools | Warn | File not found: \\FILE-VM\TempTM Confirmations\POLMAX SOLUTIONS\S1119POD.pdf | 
2017/09/22 13:38:12.087 | 1 | Experior.TMS.FileLocationUpdateApp.DataUpdate.FileSystemTools | Warn | File not found: T:\P22098R.pdf | 
2017/09/22 13:38:12.099 | 1 | Experior.TMS.FileLocationUpdateApp.DataUpdate.FileSystemTools | Warn | File not found: T:\P22750R.pdf | 
2017/09/22 13:38:12.099 | 1 | Experior.TMS.FileLocationUpdateApp.DataUpdate.FileSystemTools | Warn | File not found: T:\P23525AA-BOL.pdf | 
2017/09/22 13:38:12.118 | 1 | Experior.TMS.FileLocationUpdateApp.DataUpdate.FileSystemTools | Warn | File not found: T:\P24680.pdf | 
2017/09/22 13:38:12.128 | 1 | Experior.TMS.FileLocationUpdateApp.DataUpdate.FileSystemTools | Warn | File not found: T:\P25146.pdf | 
2017/09/22 13:38:12.128 | 1 | Experior.TMS.FileLocationUpdateApp.DataUpdate.FileSystemTools | Warn | File not found: T:\P25584-BOL.pdf | 
2017/09/22 13:38:12.152 | 1 | Experior.TMS.FileLocationUpdateApp.DataUpdate.FileSystemTools | Warn | File not found: T:\P26899-BOL.pdf | 
2017/09/22 13:38:12.161 | 1 | Experior.TMS.FileLocationUpdateApp.DataUpdate.FileSystemTools | Warn | File not found: T:\P27422LUMPER.PDF | 
2017/09/22 13:38:12.161 | 1 | Experior.TMS.FileLocationUpdateApp.DataUpdate.FileSystemTools | Warn | File not found: T:\P28887.pdf | 
2017/09/22 13:38:12.184 | 1 | Experior.TMS.FileLocationUpdateApp.DataUpdate.FileSystemTools | Warn | File not found: T:\P29308-BOL.pdf | 
2017/09/22 13:38:12.195 | 1 | Experior.TMS.FileLocationUpdateApp.DataUpdate.FileSystemTools | Warn | File not found: T:\P0030264.pdf | 
2017/09/22 13:38:12.205 | 1 | Experior.TMS.FileLocationUpdateApp.DataUpdate.FileSystemTools | Warn | File not found: T:\P30849-BOL.pdf | 
2017/09/22 13:38:12.205 | 1 | Experior.TMS.FileLocationUpdateApp.DataUpdate.FileSystemTools | Warn | File not found: T:\POLMAX LOGISTICS\PODS\C516 | 
2017/09/22 13:38:12.228 | 1 | Experior.TMS.FileLocationUpdateApp.DataUpdate.FileSystemTools | Warn | File not found: T:\P32271.pdf | 
2017/09/22 13:38:12.237 | 1 | Experior.TMS.FileLocationUpdateApp.DataUpdate.FileSystemTools | Warn | File not found: T:\P32847-BOL.pdf | 
2017/09/22 13:38:12.237 | 1 | Experior.TMS.FileLocationUpdateApp.DataUpdate.FileSystemTools | Warn | File not found: T:\P33588.pdf | 
2017/09/22 13:38:12.260 | 1 | Experior.TMS.FileLocationUpdateApp.DataUpdate.FileSystemTools | Warn | File not found: T:\P34239-BOL.pdf | 
2017/09/22 13:38:12.271 | 1 | Experior.TMS.FileLocationUpdateApp.DataUpdate.FileSystemTools | Warn | File not found: T:\P34893-BOL.pdf | 
2017/09/22 13:45:37.647 | 1 | Experior.TMS.FileLocationUpdateApp.DataUpdate.FileSystemTools | Warn | File not found: T:\P1123.PDF | 
2017/09/22 13:45:39.912 | 1 | Experior.TMS.FileLocationUpdateApp.DataUpdate.FileSystemTools | Warn | File not found: \\file-vm\csattachments\processed\P0000724\P0000724_POD_00010103-0000.pdf | 
2017/09/22 13:45:39.957 | 1 | Experior.TMS.FileLocationUpdateApp.DataUpdate.FileSystemTools | Warn | File not found: T:\P2203.PDF | 
2017/09/22 13:45:39.957 | 1 | Experior.TMS.FileLocationUpdateApp.DataUpdate.FileSystemTools | Warn | File not found: T:\P0002561-BOL.PDF | 
2017/09/22 13:45:39.979 | 1 | Experior.TMS.FileLocationUpdateApp.DataUpdate.FileSystemTools | Warn | File not found: T:\P0003182.PDF | 
2017/09/22 13:45:39.995 | 1 | Experior.TMS.FileLocationUpdateApp.DataUpdate.FileSystemTools | Warn | File not found: T:\P2931POD.PDF | 
2017/09/22 13:45:40.013 | 1 | Experior.TMS.FileLocationUpdateApp.DataUpdate.FileSystemTools | Warn | File not found: T:\P4258.PDF | 
2017/09/22 13:45:40.023 | 1 | Experior.TMS.FileLocationUpdateApp.DataUpdate.FileSystemTools | Warn | File not found: T:\P4835.PDF | 
2017/09/22 13:45:40.023 | 1 | Experior.TMS.FileLocationUpdateApp.DataUpdate.FileSystemTools | Warn | File not found: T:\4795.PDF | 
2017/09/22 13:45:40.040 | 1 | Experior.TMS.FileLocationUpdateApp.DataUpdate.FileSystemTools | Warn | File not found: T:\P5319POD.PDF | 
2017/09/22 13:45:40.050 | 1 | Experior.TMS.FileLocationUpdateApp.DataUpdate.FileSystemTools | Warn | File not found: T:\P6109POD.PDF | 
2017/09/22 13:45:40.050 | 1 | Experior.TMS.FileLocationUpdateApp.DataUpdate.FileSystemTools | Warn | File not found: T:\P6618POD.PDF | 
2017/09/22 13:45:40.068 | 1 | Experior.TMS.FileLocationUpdateApp.DataUpdate.FileSystemTools | Warn | File not found: T:\P7193 (2).PDF | 
2017/09/22 13:45:40.068 | 1 | Experior.TMS.FileLocationUpdateApp.DataUpdate.FileSystemTools | Warn | File not found: T:\P7137POD.PDF | 
2017/09/22 13:45:40.086 | 1 | Experior.TMS.FileLocationUpdateApp.DataUpdate.FileSystemTools | Warn | File not found: T:\P7516POD.PDF | 
2017/09/22 13:45:40.096 | 1 | Experior.TMS.FileLocationUpdateApp.DataUpdate.FileSystemTools | Warn | File not found: T:\P8501POD.PDF | 
2017/09/22 13:45:40.096 | 1 | Experior.TMS.FileLocationUpdateApp.DataUpdate.FileSystemTools | Warn | File not found: T:\P8494POD.PDF | 
2017/09/22 13:45:40.120 | 1 | Experior.TMS.FileLocationUpdateApp.DataUpdate.FileSystemTools | Warn | File not found: T:\P10412.PDF | 
2017/09/22 13:45:40.132 | 1 | Experior.TMS.FileLocationUpdateApp.DataUpdate.FileSystemTools | Warn | File not found: T:\P0010773AA-BOL.PDF | 
2017/09/22 13:45:40.132 | 1 | Experior.TMS.FileLocationUpdateApp.DataUpdate.FileSystemTools | Warn | File not found: T:\POLMAX SOLUTIONS\S370POD.PDF | 
2017/09/22 13:45:40.151 | 1 | Experior.TMS.FileLocationUpdateApp.DataUpdate.FileSystemTools | Warn | File not found: T:\P12757EMAIL.pdf | 
2017/09/22 13:45:40.161 | 1 | Experior.TMS.FileLocationUpdateApp.DataUpdate.FileSystemTools | Warn | File not found: T:\P13522.pdf | 
2017/09/22 13:45:40.161 | 1 | Experior.TMS.FileLocationUpdateApp.DataUpdate.FileSystemTools | Warn | File not found: T:\P14290.pdf | 
2017/09/22 13:45:40.184 | 1 | Experior.TMS.FileLocationUpdateApp.DataUpdate.FileSystemTools | Warn | File not found: T:\P0014775-BOL.pdf | 
2017/09/22 13:45:40.194 | 1 | Experior.TMS.FileLocationUpdateApp.DataUpdate.FileSystemTools | Warn | File not found: T:\P15627.pdf | 
2017/09/22 13:45:40.194 | 1 | Experior.TMS.FileLocationUpdateApp.DataUpdate.FileSystemTools | Warn | File not found: T:\P16474.pdf | 
2017/09/22 13:45:40.217 | 1 | Experior.TMS.FileLocationUpdateApp.DataUpdate.FileSystemTools | Warn | File not found: T:\P17220.pdf | 
2017/09/22 13:45:40.239 | 1 | Experior.TMS.FileLocationUpdateApp.DataUpdate.FileSystemTools | Warn | File not found: T:\P17963.pdf | 
2017/09/22 13:45:40.239 | 1 | Experior.TMS.FileLocationUpdateApp.DataUpdate.FileSystemTools | Warn | File not found: T:\P18517R.pdf | 
2017/09/22 13:45:40.258 | 1 | Experior.TMS.FileLocationUpdateApp.DataUpdate.FileSystemTools | Warn | File not found: T:\P19319.pdf | 
2017/09/22 13:45:40.258 | 1 | Experior.TMS.FileLocationUpdateApp.DataUpdate.FileSystemTools | Warn | File not found: T:\P19862-BOL.pdf | 
2017/09/22 13:45:40.278 | 1 | Experior.TMS.FileLocationUpdateApp.DataUpdate.FileSystemTools | Warn | File not found: \\FILE-VM\TempTM Confirmations\POLMAX SOLUTIONS\S1082POD.pdf | 
2017/09/22 13:45:40.288 | 1 | Experior.TMS.FileLocationUpdateApp.DataUpdate.FileSystemTools | Warn | File not found: T:\P21212.pdf | 
2017/09/22 13:45:40.300 | 1 | Experior.TMS.FileLocationUpdateApp.DataUpdate.FileSystemTools | Warn | File not found: \\FILE-VM\TempTM Confirmations\POLMAX SOLUTIONS\S1119POD.pdf | 
2017/09/22 13:45:40.300 | 1 | Experior.TMS.FileLocationUpdateApp.DataUpdate.FileSystemTools | Warn | File not found: T:\P22098R.pdf | 
2017/09/22 13:45:40.320 | 1 | Experior.TMS.FileLocationUpdateApp.DataUpdate.FileSystemTools | Warn | File not found: T:\P22750R.pdf | 
2017/09/22 13:45:40.330 | 1 | Experior.TMS.FileLocationUpdateApp.DataUpdate.FileSystemTools | Warn | File not found: T:\P23525AA-BOL.pdf | 
2017/09/22 13:45:40.330 | 1 | Experior.TMS.FileLocationUpdateApp.DataUpdate.FileSystemTools | Warn | File not found: T:\P24680.pdf | 
2017/09/22 13:45:40.354 | 1 | Experior.TMS.FileLocationUpdateApp.DataUpdate.FileSystemTools | Warn | File not found: T:\P25146.pdf | 
2017/09/22 13:45:40.366 | 1 | Experior.TMS.FileLocationUpdateApp.DataUpdate.FileSystemTools | Warn | File not found: T:\P25584-BOL.pdf | 
2017/09/22 13:45:40.366 | 1 | Experior.TMS.FileLocationUpdateApp.DataUpdate.FileSystemTools | Warn | File not found: T:\P26899-BOL.pdf | 
2017/09/22 13:45:40.387 | 1 | Experior.TMS.FileLocationUpdateApp.DataUpdate.FileSystemTools | Warn | File not found: T:\P27422LUMPER.PDF | 
2017/09/22 13:45:40.399 | 1 | Experior.TMS.FileLocationUpdateApp.DataUpdate.FileSystemTools | Warn | File not found: T:\P28887.pdf | 
2017/09/22 13:45:40.410 | 1 | Experior.TMS.FileLocationUpdateApp.DataUpdate.FileSystemTools | Warn | File not found: T:\P29308-BOL.pdf | 
2017/09/22 13:45:40.410 | 1 | Experior.TMS.FileLocationUpdateApp.DataUpdate.FileSystemTools | Warn | File not found: T:\P0030264.pdf | 
2017/09/22 13:45:40.434 | 1 | Experior.TMS.FileLocationUpdateApp.DataUpdate.FileSystemTools | Warn | File not found: T:\P30849-BOL.pdf | 
2017/09/22 13:45:40.447 | 1 | Experior.TMS.FileLocationUpdateApp.DataUpdate.FileSystemTools | Warn | File not found: T:\POLMAX LOGISTICS\PODS\C516 | 
2017/09/22 13:45:40.459 | 1 | Experior.TMS.FileLocationUpdateApp.DataUpdate.FileSystemTools | Warn | File not found: T:\P32271.pdf | 
2017/09/22 13:45:40.459 | 1 | Experior.TMS.FileLocationUpdateApp.DataUpdate.FileSystemTools | Warn | File not found: T:\P32847-BOL.pdf | 
2017/09/22 13:45:40.481 | 1 | Experior.TMS.FileLocationUpdateApp.DataUpdate.FileSystemTools | Warn | File not found: T:\P33588.pdf | 
2017/09/22 13:45:40.493 | 1 | Experior.TMS.FileLocationUpdateApp.DataUpdate.FileSystemTools | Warn | File not found: T:\P34239-BOL.pdf | 
2017/09/22 13:45:40.506 | 1 | Experior.TMS.FileLocationUpdateApp.DataUpdate.FileSystemTools | Warn | File not found: T:\P34893-BOL.pdf | 
2017/09/22 15:56:53.531 | 1 | Experior.TMS.FileLocationUpdateApp.DataUpdate.FileSystemTools | Warn | File not found: T:\P1123.PDF | 
2017/09/22 15:56:55.801 | 1 | Experior.TMS.FileLocationUpdateApp.DataUpdate.FileSystemTools | Warn | File not found: \\file-vm\csattachments\processed\P0000724\P0000724_POD_00010103-0000.pdf | 
2017/09/22 15:56:55.801 | 1 | Experior.TMS.FileLocationUpdateApp.DataUpdate.FileSystemTools | Warn | File not found: T:\P2203.PDF | 
2017/09/22 15:56:55.819 | 1 | Experior.TMS.FileLocationUpdateApp.DataUpdate.FileSystemTools | Warn | File not found: T:\P0002561-BOL.PDF | 
2017/09/22 15:56:55.819 | 1 | Experior.TMS.FileLocationUpdateApp.DataUpdate.FileSystemTools | Warn | File not found: T:\P0003182.PDF | 
2017/09/22 15:56:55.837 | 1 | Experior.TMS.FileLocationUpdateApp.DataUpdate.FileSystemTools | Warn | File not found: T:\P2931POD.PDF | 
2017/09/22 15:56:55.846 | 1 | Experior.TMS.FileLocationUpdateApp.DataUpdate.FileSystemTools | Warn | File not found: T:\P4258.PDF | 
2017/09/22 15:56:55.846 | 1 | Experior.TMS.FileLocationUpdateApp.DataUpdate.FileSystemTools | Warn | File not found: T:\P4835.PDF | 
2017/09/22 15:56:55.866 | 1 | Experior.TMS.FileLocationUpdateApp.DataUpdate.FileSystemTools | Warn | File not found: T:\4795.PDF | 
2017/09/22 15:56:55.877 | 1 | Experior.TMS.FileLocationUpdateApp.DataUpdate.FileSystemTools | Warn | File not found: T:\P5319POD.PDF | 
2017/09/22 15:56:55.877 | 1 | Experior.TMS.FileLocationUpdateApp.DataUpdate.FileSystemTools | Warn | File not found: T:\P6109POD.PDF | 
2017/09/22 15:56:55.898 | 1 | Experior.TMS.FileLocationUpdateApp.DataUpdate.FileSystemTools | Warn | File not found: T:\P6618POD.PDF | 
2017/09/22 15:56:55.910 | 1 | Experior.TMS.FileLocationUpdateApp.DataUpdate.FileSystemTools | Warn | File not found: T:\P7193 (2).PDF | 
2017/09/22 15:56:55.935 | 1 | Experior.TMS.FileLocationUpdateApp.DataUpdate.FileSystemTools | Warn | File not found: T:\P7137POD.PDF | 
2017/09/22 15:56:55.948 | 1 | Experior.TMS.FileLocationUpdateApp.DataUpdate.FileSystemTools | Warn | File not found: T:\P7516POD.PDF | 
2017/09/22 15:56:55.960 | 1 | Experior.TMS.FileLocationUpdateApp.DataUpdate.FileSystemTools | Warn | File not found: T:\P8501POD.PDF | 
2017/09/22 15:56:55.976 | 1 | Experior.TMS.FileLocationUpdateApp.DataUpdate.FileSystemTools | Warn | File not found: T:\P8494POD.PDF | 
2017/09/22 15:56:55.989 | 1 | Experior.TMS.FileLocationUpdateApp.DataUpdate.FileSystemTools | Warn | File not found: T:\P10412.PDF | 
2017/09/22 15:56:55.989 | 1 | Experior.TMS.FileLocationUpdateApp.DataUpdate.FileSystemTools | Warn | File not found: T:\P0010773AA-BOL.PDF | 
2017/09/22 15:56:56.009 | 1 | Experior.TMS.FileLocationUpdateApp.DataUpdate.FileSystemTools | Warn | File not found: T:\POLMAX SOLUTIONS\S370POD.PDF | 
2017/09/22 15:56:56.009 | 1 | Experior.TMS.FileLocationUpdateApp.DataUpdate.FileSystemTools | Warn | File not found: T:\P12757EMAIL.pdf | 
2017/09/22 15:56:56.029 | 1 | Experior.TMS.FileLocationUpdateApp.DataUpdate.FileSystemTools | Warn | File not found: T:\P13522.pdf | 
2017/09/22 15:56:56.043 | 1 | Experior.TMS.FileLocationUpdateApp.DataUpdate.FileSystemTools | Warn | File not found: T:\P14290.pdf | 
2017/09/22 15:56:56.055 | 1 | Experior.TMS.FileLocationUpdateApp.DataUpdate.FileSystemTools | Warn | File not found: T:\P0014775-BOL.pdf | 
2017/09/22 15:56:56.065 | 1 | Experior.TMS.FileLocationUpdateApp.DataUpdate.FileSystemTools | Warn | File not found: T:\P15627.pdf | 
2017/09/22 15:56:56.065 | 1 | Experior.TMS.FileLocationUpdateApp.DataUpdate.FileSystemTools | Warn | File not found: T:\P16474.pdf | 
2017/09/22 15:56:56.087 | 1 | Experior.TMS.FileLocationUpdateApp.DataUpdate.FileSystemTools | Warn | File not found: T:\P17220.pdf | 
2017/09/22 15:56:56.098 | 1 | Experior.TMS.FileLocationUpdateApp.DataUpdate.FileSystemTools | Warn | File not found: T:\P17963.pdf | 
2017/09/22 15:56:56.098 | 1 | Experior.TMS.FileLocationUpdateApp.DataUpdate.FileSystemTools | Warn | File not found: T:\P18517R.pdf | 
2017/09/22 15:56:56.125 | 1 | Experior.TMS.FileLocationUpdateApp.DataUpdate.FileSystemTools | Warn | File not found: T:\P19319.pdf | 
2017/09/22 15:56:56.144 | 1 | Experior.TMS.FileLocationUpdateApp.DataUpdate.FileSystemTools | Warn | File not found: T:\P19862-BOL.pdf | 
2017/09/22 15:56:56.160 | 1 | Experior.TMS.FileLocationUpdateApp.DataUpdate.FileSystemTools | Warn | File not found: \\FILE-VM\TempTM Confirmations\POLMAX SOLUTIONS\S1082POD.pdf | 
2017/09/22 15:56:56.181 | 1 | Experior.TMS.FileLocationUpdateApp.DataUpdate.FileSystemTools | Warn | File not found: T:\P21212.pdf | 
2017/09/22 15:56:56.194 | 1 | Experior.TMS.FileLocationUpdateApp.DataUpdate.FileSystemTools | Warn | File not found: \\FILE-VM\TempTM Confirmations\POLMAX SOLUTIONS\S1119POD.pdf | 
2017/09/22 15:56:56.207 | 1 | Experior.TMS.FileLocationUpdateApp.DataUpdate.FileSystemTools | Warn | File not found: T:\P22098R.pdf | 
2017/09/22 15:56:56.207 | 1 | Experior.TMS.FileLocationUpdateApp.DataUpdate.FileSystemTools | Warn | File not found: T:\P22750R.pdf | 
2017/09/22 15:56:56.232 | 1 | Experior.TMS.FileLocationUpdateApp.DataUpdate.FileSystemTools | Warn | File not found: T:\P23525AA-BOL.pdf | 
2017/09/22 15:56:56.242 | 1 | Experior.TMS.FileLocationUpdateApp.DataUpdate.FileSystemTools | Warn | File not found: T:\P24680.pdf | 
2017/09/22 15:56:56.256 | 1 | Experior.TMS.FileLocationUpdateApp.DataUpdate.FileSystemTools | Warn | File not found: T:\P25146.pdf | 
2017/09/22 15:56:56.270 | 1 | Experior.TMS.FileLocationUpdateApp.DataUpdate.FileSystemTools | Warn | File not found: T:\P25584-BOL.pdf | 
2017/09/22 15:56:56.284 | 1 | Experior.TMS.FileLocationUpdateApp.DataUpdate.FileSystemTools | Warn | File not found: T:\P26899-BOL.pdf | 
2017/09/22 15:56:56.284 | 1 | Experior.TMS.FileLocationUpdateApp.DataUpdate.FileSystemTools | Warn | File not found: T:\P27422LUMPER.PDF | 
2017/09/22 15:56:56.307 | 1 | Experior.TMS.FileLocationUpdateApp.DataUpdate.FileSystemTools | Warn | File not found: T:\P28887.pdf | 
2017/09/22 15:56:56.325 | 1 | Experior.TMS.FileLocationUpdateApp.DataUpdate.FileSystemTools | Warn | File not found: T:\P29308-BOL.pdf | 
2017/09/22 15:56:56.340 | 1 | Experior.TMS.FileLocationUpdateApp.DataUpdate.FileSystemTools | Warn | File not found: T:\P0030264.pdf | 
2017/09/22 15:56:56.354 | 1 | Experior.TMS.FileLocationUpdateApp.DataUpdate.FileSystemTools | Warn | File not found: T:\P30849-BOL.pdf | 
2017/09/22 15:56:56.367 | 1 | Experior.TMS.FileLocationUpdateApp.DataUpdate.FileSystemTools | Warn | File not found: T:\POLMAX LOGISTICS\PODS\C516 | 
2017/09/22 15:56:56.377 | 1 | Experior.TMS.FileLocationUpdateApp.DataUpdate.FileSystemTools | Warn | File not found: T:\P32271.pdf | 
2017/09/22 15:56:56.392 | 1 | Experior.TMS.FileLocationUpdateApp.DataUpdate.FileSystemTools | Warn | File not found: T:\P32847-BOL.pdf | 
2017/09/22 15:56:56.392 | 1 | Experior.TMS.FileLocationUpdateApp.DataUpdate.FileSystemTools | Warn | File not found: T:\P33588.pdf | 
2017/09/22 15:56:56.417 | 1 | Experior.TMS.FileLocationUpdateApp.DataUpdate.FileSystemTools | Warn | File not found: T:\P34239-BOL.pdf | 
2017/09/22 15:56:56.428 | 1 | Experior.TMS.FileLocationUpdateApp.DataUpdate.FileSystemTools | Warn | File not found: T:\P34893-BOL.pdf | 
2017/09/22 16:08:13.525 | 1 | Experior.TMS.FileLocationUpdateApp.DataUpdate.FileSystemTools | Warn | File not found: T:\P1123.PDF | 
2017/09/22 16:08:15.791 | 1 | Experior.TMS.FileLocationUpdateApp.DataUpdate.FileSystemTools | Warn | File not found: \\file-vm\csattachments\processed\P0000724\P0000724_POD_00010103-0000.pdf | 
2017/09/22 16:08:15.803 | 1 | Experior.TMS.FileLocationUpdateApp.DataUpdate.FileSystemTools | Warn | File not found: T:\P2203.PDF | 
2017/09/22 16:08:15.803 | 1 | Experior.TMS.FileLocationUpdateApp.DataUpdate.FileSystemTools | Warn | File not found: T:\P0002561-BOL.PDF | 
2017/09/22 16:08:15.820 | 1 | Experior.TMS.FileLocationUpdateApp.DataUpdate.FileSystemTools | Warn | File not found: T:\P0003182.PDF | 
2017/09/22 16:08:15.820 | 1 | Experior.TMS.FileLocationUpdateApp.DataUpdate.FileSystemTools | Warn | File not found: T:\P2931POD.PDF | 
2017/09/22 16:08:15.837 | 1 | Experior.TMS.FileLocationUpdateApp.DataUpdate.FileSystemTools | Warn | File not found: T:\P4258.PDF | 
2017/09/22 16:08:15.837 | 1 | Experior.TMS.FileLocationUpdateApp.DataUpdate.FileSystemTools | Warn | File not found: T:\P4835.PDF | 
2017/09/22 16:08:15.853 | 1 | Experior.TMS.FileLocationUpdateApp.DataUpdate.FileSystemTools | Warn | File not found: T:\4795.PDF | 
2017/09/22 16:08:15.861 | 1 | Experior.TMS.FileLocationUpdateApp.DataUpdate.FileSystemTools | Warn | File not found: T:\P5319POD.PDF | 
2017/09/22 16:08:15.861 | 1 | Experior.TMS.FileLocationUpdateApp.DataUpdate.FileSystemTools | Warn | File not found: T:\P6109POD.PDF | 
2017/09/22 16:08:15.893 | 1 | Experior.TMS.FileLocationUpdateApp.DataUpdate.FileSystemTools | Warn | File not found: T:\P6618POD.PDF | 
2017/09/22 16:08:15.893 | 1 | Experior.TMS.FileLocationUpdateApp.DataUpdate.FileSystemTools | Warn | File not found: T:\P7193 (2).PDF | 
2017/09/22 16:08:15.912 | 1 | Experior.TMS.FileLocationUpdateApp.DataUpdate.FileSystemTools | Warn | File not found: T:\P7137POD.PDF | 
2017/09/22 16:08:15.912 | 1 | Experior.TMS.FileLocationUpdateApp.DataUpdate.FileSystemTools | Warn | File not found: T:\P7516POD.PDF | 
2017/09/22 16:08:15.936 | 1 | Experior.TMS.FileLocationUpdateApp.DataUpdate.FileSystemTools | Warn | File not found: T:\P8501POD.PDF | 
2017/09/22 16:08:15.947 | 1 | Experior.TMS.FileLocationUpdateApp.DataUpdate.FileSystemTools | Warn | File not found: T:\P8494POD.PDF | 
2017/09/22 16:08:15.959 | 1 | Experior.TMS.FileLocationUpdateApp.DataUpdate.FileSystemTools | Warn | File not found: T:\P10412.PDF | 
2017/09/22 16:08:15.959 | 1 | Experior.TMS.FileLocationUpdateApp.DataUpdate.FileSystemTools | Warn | File not found: T:\P0010773AA-BOL.PDF | 
2017/09/22 16:08:15.979 | 1 | Experior.TMS.FileLocationUpdateApp.DataUpdate.FileSystemTools | Warn | File not found: T:\POLMAX SOLUTIONS\S370POD.PDF | 
2017/09/22 16:08:15.992 | 1 | Experior.TMS.FileLocationUpdateApp.DataUpdate.FileSystemTools | Warn | File not found: T:\P12757EMAIL.pdf | 
2017/09/22 16:08:16.006 | 1 | Experior.TMS.FileLocationUpdateApp.DataUpdate.FileSystemTools | Warn | File not found: T:\P13522.pdf | 
2017/09/22 16:08:16.006 | 1 | Experior.TMS.FileLocationUpdateApp.DataUpdate.FileSystemTools | Warn | File not found: T:\P14290.pdf | 
2017/09/22 16:08:16.027 | 1 | Experior.TMS.FileLocationUpdateApp.DataUpdate.FileSystemTools | Warn | File not found: T:\P0014775-BOL.pdf | 
2017/09/22 16:08:16.037 | 1 | Experior.TMS.FileLocationUpdateApp.DataUpdate.FileSystemTools | Warn | File not found: T:\P15627.pdf | 
2017/09/22 16:08:16.037 | 1 | Experior.TMS.FileLocationUpdateApp.DataUpdate.FileSystemTools | Warn | File not found: T:\P16474.pdf | 
2017/09/22 16:08:16.053 | 1 | Experior.TMS.FileLocationUpdateApp.DataUpdate.FileSystemTools | Warn | File not found: T:\P17220.pdf | 
2017/09/22 16:08:16.053 | 1 | Experior.TMS.FileLocationUpdateApp.DataUpdate.FileSystemTools | Warn | File not found: T:\P17963.pdf | 
2017/09/22 16:08:16.073 | 1 | Experior.TMS.FileLocationUpdateApp.DataUpdate.FileSystemTools | Warn | File not found: T:\P18517R.pdf | 
2017/09/22 16:08:16.085 | 1 | Experior.TMS.FileLocationUpdateApp.DataUpdate.FileSystemTools | Warn | File not found: T:\P19319.pdf | 
2017/09/22 16:08:16.096 | 1 | Experior.TMS.FileLocationUpdateApp.DataUpdate.FileSystemTools | Warn | File not found: T:\P19862-BOL.pdf | 
2017/09/22 16:08:16.096 | 1 | Experior.TMS.FileLocationUpdateApp.DataUpdate.FileSystemTools | Warn | File not found: \\FILE-VM\TempTM Confirmations\POLMAX SOLUTIONS\S1082POD.pdf | 
2017/09/22 16:08:16.117 | 1 | Experior.TMS.FileLocationUpdateApp.DataUpdate.FileSystemTools | Warn | File not found: T:\P21212.pdf | 
2017/09/22 16:08:16.129 | 1 | Experior.TMS.FileLocationUpdateApp.DataUpdate.FileSystemTools | Warn | File not found: \\FILE-VM\TempTM Confirmations\POLMAX SOLUTIONS\S1119POD.pdf | 
2017/09/22 16:08:16.129 | 1 | Experior.TMS.FileLocationUpdateApp.DataUpdate.FileSystemTools | Warn | File not found: T:\P22098R.pdf | 
2017/09/22 16:08:16.150 | 1 | Experior.TMS.FileLocationUpdateApp.DataUpdate.FileSystemTools | Warn | File not found: T:\P22750R.pdf | 
2017/09/22 16:08:16.162 | 1 | Experior.TMS.FileLocationUpdateApp.DataUpdate.FileSystemTools | Warn | File not found: T:\P23525AA-BOL.pdf | 
2017/09/22 16:08:16.173 | 1 | Experior.TMS.FileLocationUpdateApp.DataUpdate.FileSystemTools | Warn | File not found: T:\P24680.pdf | 
2017/09/22 16:08:16.173 | 1 | Experior.TMS.FileLocationUpdateApp.DataUpdate.FileSystemTools | Warn | File not found: T:\P25146.pdf | 
2017/09/22 16:08:16.193 | 1 | Experior.TMS.FileLocationUpdateApp.DataUpdate.FileSystemTools | Warn | File not found: T:\P25584-BOL.pdf | 
2017/09/22 16:08:16.193 | 1 | Experior.TMS.FileLocationUpdateApp.DataUpdate.FileSystemTools | Warn | File not found: T:\P26899-BOL.pdf | 
2017/09/22 16:08:16.220 | 1 | Experior.TMS.FileLocationUpdateApp.DataUpdate.FileSystemTools | Warn | File not found: T:\P27422LUMPER.PDF | 
2017/09/22 16:08:16.232 | 1 | Experior.TMS.FileLocationUpdateApp.DataUpdate.FileSystemTools | Warn | File not found: T:\P28887.pdf | 
2017/09/22 16:08:16.243 | 1 | Experior.TMS.FileLocationUpdateApp.DataUpdate.FileSystemTools | Warn | File not found: T:\P29308-BOL.pdf | 
2017/09/22 16:08:16.253 | 1 | Experior.TMS.FileLocationUpdateApp.DataUpdate.FileSystemTools | Warn | File not found: T:\P0030264.pdf | 
2017/09/22 16:08:16.253 | 1 | Experior.TMS.FileLocationUpdateApp.DataUpdate.FileSystemTools | Warn | File not found: T:\P30849-BOL.pdf | 
2017/09/22 16:08:16.271 | 1 | Experior.TMS.FileLocationUpdateApp.DataUpdate.FileSystemTools | Warn | File not found: T:\POLMAX LOGISTICS\PODS\C516 | 
2017/09/22 16:08:16.271 | 1 | Experior.TMS.FileLocationUpdateApp.DataUpdate.FileSystemTools | Warn | File not found: T:\P32271.pdf | 
2017/09/22 16:08:16.293 | 1 | Experior.TMS.FileLocationUpdateApp.DataUpdate.FileSystemTools | Warn | File not found: T:\P32847-BOL.pdf | 
2017/09/22 16:08:16.303 | 1 | Experior.TMS.FileLocationUpdateApp.DataUpdate.FileSystemTools | Warn | File not found: T:\P33588.pdf | 
2017/09/22 16:08:16.303 | 1 | Experior.TMS.FileLocationUpdateApp.DataUpdate.FileSystemTools | Warn | File not found: T:\P34239-BOL.pdf | 
2017/09/22 16:08:16.322 | 1 | Experior.TMS.FileLocationUpdateApp.DataUpdate.FileSystemTools | Warn | File not found: T:\P34893-BOL.pdf | 
2017/09/22 16:12:50.739 | 7 | Experior.TMS.FileLocationUpdateApp.DataUpdate.FileSystemTools | Warn | File not found: T:\P1123.PDF | 
2017/09/22 16:12:53.011 | 7 | Experior.TMS.FileLocationUpdateApp.DataUpdate.FileSystemTools | Warn | File not found: \\file-vm\csattachments\processed\P0000724\P0000724_POD_00010103-0000.pdf | 
2017/09/22 16:12:53.025 | 7 | Experior.TMS.FileLocationUpdateApp.DataUpdate.FileSystemTools | Warn | File not found: T:\P2203.PDF | 
2017/09/22 16:12:53.035 | 7 | Experior.TMS.FileLocationUpdateApp.DataUpdate.FileSystemTools | Warn | File not found: T:\P0002561-BOL.PDF | 
2017/09/22 16:12:53.035 | 7 | Experior.TMS.FileLocationUpdateApp.DataUpdate.FileSystemTools | Warn | File not found: T:\P0003182.PDF | 
2017/09/22 16:12:53.055 | 7 | Experior.TMS.FileLocationUpdateApp.DataUpdate.FileSystemTools | Warn | File not found: T:\P2931POD.PDF | 
2017/09/22 16:12:53.066 | 7 | Experior.TMS.FileLocationUpdateApp.DataUpdate.FileSystemTools | Warn | File not found: T:\P4258.PDF | 
2017/09/22 16:12:53.066 | 7 | Experior.TMS.FileLocationUpdateApp.DataUpdate.FileSystemTools | Warn | File not found: T:\P4835.PDF | 
2017/09/22 16:12:53.090 | 7 | Experior.TMS.FileLocationUpdateApp.DataUpdate.FileSystemTools | Warn | File not found: T:\4795.PDF | 
2017/09/22 16:12:53.105 | 7 | Experior.TMS.FileLocationUpdateApp.DataUpdate.FileSystemTools | Warn | File not found: T:\P5319POD.PDF | 
2017/09/22 16:12:53.117 | 7 | Experior.TMS.FileLocationUpdateApp.DataUpdate.FileSystemTools | Warn | File not found: T:\P6109POD.PDF | 
2017/09/22 16:12:53.127 | 7 | Experior.TMS.FileLocationUpdateApp.DataUpdate.FileSystemTools | Warn | File not found: T:\P6618POD.PDF | 
2017/09/22 16:12:53.127 | 7 | Experior.TMS.FileLocationUpdateApp.DataUpdate.FileSystemTools | Warn | File not found: T:\P7193 (2).PDF | 
2017/09/22 16:12:53.149 | 7 | Experior.TMS.FileLocationUpdateApp.DataUpdate.FileSystemTools | Warn | File not found: T:\P7137POD.PDF | 
2017/09/22 16:12:53.166 | 7 | Experior.TMS.FileLocationUpdateApp.DataUpdate.FileSystemTools | Warn | File not found: T:\P7516POD.PDF | 
2017/09/22 16:12:53.183 | 7 | Experior.TMS.FileLocationUpdateApp.DataUpdate.FileSystemTools | Warn | File not found: T:\P8501POD.PDF | 
2017/09/22 16:12:53.197 | 7 | Experior.TMS.FileLocationUpdateApp.DataUpdate.FileSystemTools | Warn | File not found: T:\P8494POD.PDF | 
2017/09/22 16:12:53.209 | 7 | Experior.TMS.FileLocationUpdateApp.DataUpdate.FileSystemTools | Warn | File not found: T:\P10412.PDF | 
2017/09/22 16:12:53.209 | 7 | Experior.TMS.FileLocationUpdateApp.DataUpdate.FileSystemTools | Warn | File not found: T:\P0010773AA-BOL.PDF | 
2017/09/22 16:12:53.233 | 7 | Experior.TMS.FileLocationUpdateApp.DataUpdate.FileSystemTools | Warn | File not found: T:\POLMAX SOLUTIONS\S370POD.PDF | 
2017/09/22 16:12:53.259 | 7 | Experior.TMS.FileLocationUpdateApp.DataUpdate.FileSystemTools | Warn | File not found: T:\P12757EMAIL.pdf | 
2017/09/22 16:12:53.274 | 7 | Experior.TMS.FileLocationUpdateApp.DataUpdate.FileSystemTools | Warn | File not found: T:\P13522.pdf | 
2017/09/22 16:12:53.289 | 7 | Experior.TMS.FileLocationUpdateApp.DataUpdate.FileSystemTools | Warn | File not found: T:\P14290.pdf | 
2017/09/22 16:12:53.303 | 7 | Experior.TMS.FileLocationUpdateApp.DataUpdate.FileSystemTools | Warn | File not found: T:\P0014775-BOL.pdf | 
2017/09/22 16:12:53.316 | 7 | Experior.TMS.FileLocationUpdateApp.DataUpdate.FileSystemTools | Warn | File not found: T:\P15627.pdf | 
2017/09/22 16:12:53.316 | 7 | Experior.TMS.FileLocationUpdateApp.DataUpdate.FileSystemTools | Warn | File not found: T:\P16474.pdf | 
2017/09/22 16:12:53.342 | 7 | Experior.TMS.FileLocationUpdateApp.DataUpdate.FileSystemTools | Warn | File not found: T:\P17220.pdf | 
2017/09/22 16:12:53.355 | 7 | Experior.TMS.FileLocationUpdateApp.DataUpdate.FileSystemTools | Warn | File not found: T:\P17963.pdf | 
2017/09/22 16:12:53.368 | 7 | Experior.TMS.FileLocationUpdateApp.DataUpdate.FileSystemTools | Warn | File not found: T:\P18517R.pdf | 
2017/09/22 16:12:53.380 | 7 | Experior.TMS.FileLocationUpdateApp.DataUpdate.FileSystemTools | Warn | File not found: T:\P19319.pdf | 
2017/09/22 16:12:53.380 | 7 | Experior.TMS.FileLocationUpdateApp.DataUpdate.FileSystemTools | Warn | File not found: T:\P19862-BOL.pdf | 
2017/09/22 16:12:53.405 | 7 | Experior.TMS.FileLocationUpdateApp.DataUpdate.FileSystemTools | Warn | File not found: \\FILE-VM\TempTM Confirmations\POLMAX SOLUTIONS\S1082POD.pdf | 
2017/09/22 16:12:53.423 | 7 | Experior.TMS.FileLocationUpdateApp.DataUpdate.FileSystemTools | Warn | File not found: T:\P21212.pdf | 
2017/09/22 16:12:53.441 | 7 | Experior.TMS.FileLocationUpdateApp.DataUpdate.FileSystemTools | Warn | File not found: \\FILE-VM\TempTM Confirmations\POLMAX SOLUTIONS\S1119POD.pdf | 
2017/09/22 16:12:53.455 | 7 | Experior.TMS.FileLocationUpdateApp.DataUpdate.FileSystemTools | Warn | File not found: T:\P22098R.pdf | 
2017/09/22 16:12:53.455 | 7 | Experior.TMS.FileLocationUpdateApp.DataUpdate.FileSystemTools | Warn | File not found: T:\P22750R.pdf | 
2017/09/22 16:12:53.478 | 7 | Experior.TMS.FileLocationUpdateApp.DataUpdate.FileSystemTools | Warn | File not found: T:\P23525AA-BOL.pdf | 
2017/09/22 16:12:53.493 | 7 | Experior.TMS.FileLocationUpdateApp.DataUpdate.FileSystemTools | Warn | File not found: T:\P24680.pdf | 
2017/09/22 16:12:53.509 | 7 | Experior.TMS.FileLocationUpdateApp.DataUpdate.FileSystemTools | Warn | File not found: T:\P25146.pdf | 
2017/09/22 16:12:53.522 | 7 | Experior.TMS.FileLocationUpdateApp.DataUpdate.FileSystemTools | Warn | File not found: T:\P25584-BOL.pdf | 
2017/09/22 16:12:53.535 | 7 | Experior.TMS.FileLocationUpdateApp.DataUpdate.FileSystemTools | Warn | File not found: T:\P26899-BOL.pdf | 
2017/09/22 16:12:53.535 | 7 | Experior.TMS.FileLocationUpdateApp.DataUpdate.FileSystemTools | Warn | File not found: T:\P27422LUMPER.PDF | 
2017/09/22 16:12:53.560 | 7 | Experior.TMS.FileLocationUpdateApp.DataUpdate.FileSystemTools | Warn | File not found: T:\P28887.pdf | 
2017/09/22 16:12:53.576 | 7 | Experior.TMS.FileLocationUpdateApp.DataUpdate.FileSystemTools | Warn | File not found: T:\P29308-BOL.pdf | 
2017/09/22 16:12:53.592 | 7 | Experior.TMS.FileLocationUpdateApp.DataUpdate.FileSystemTools | Warn | File not found: T:\P0030264.pdf | 
2017/09/22 16:12:53.605 | 7 | Experior.TMS.FileLocationUpdateApp.DataUpdate.FileSystemTools | Warn | File not found: T:\P30849-BOL.pdf | 
2017/09/22 16:12:53.617 | 7 | Experior.TMS.FileLocationUpdateApp.DataUpdate.FileSystemTools | Warn | File not found: T:\POLMAX LOGISTICS\PODS\C516 | 
2017/09/22 16:12:53.629 | 7 | Experior.TMS.FileLocationUpdateApp.DataUpdate.FileSystemTools | Warn | File not found: T:\P32271.pdf | 
2017/09/22 16:12:53.645 | 7 | Experior.TMS.FileLocationUpdateApp.DataUpdate.FileSystemTools | Warn | File not found: T:\P32847-BOL.pdf | 
2017/09/22 16:12:53.661 | 7 | Experior.TMS.FileLocationUpdateApp.DataUpdate.FileSystemTools | Warn | File not found: T:\P33588.pdf | 
2017/09/22 16:12:53.678 | 7 | Experior.TMS.FileLocationUpdateApp.DataUpdate.FileSystemTools | Warn | File not found: T:\P34239-BOL.pdf | 
2017/09/22 16:12:53.695 | 7 | Experior.TMS.FileLocationUpdateApp.DataUpdate.FileSystemTools | Warn | File not found: T:\P34893-BOL.pdf | 
2017/09/22 16:17:06.325 | 15 | Experior.TMS.FileLocationUpdateApp.DataUpdate.FileSystemTools | Warn | File not found: T:\P1123.PDF | 
2017/09/22 16:17:08.594 | 15 | Experior.TMS.FileLocationUpdateApp.DataUpdate.FileSystemTools | Warn | File not found: \\file-vm\csattachments\processed\P0000724\P0000724_POD_00010103-0000.pdf | 
2017/09/22 16:17:08.617 | 15 | Experior.TMS.FileLocationUpdateApp.DataUpdate.FileSystemTools | Warn | File not found: T:\P2203.PDF | 
2017/09/22 16:17:08.636 | 15 | Experior.TMS.FileLocationUpdateApp.DataUpdate.FileSystemTools | Warn | File not found: T:\P0002561-BOL.PDF | 
2017/09/22 16:17:08.650 | 15 | Experior.TMS.FileLocationUpdateApp.DataUpdate.FileSystemTools | Warn | File not found: T:\P0003182.PDF | 
2017/09/22 16:17:08.661 | 15 | Experior.TMS.FileLocationUpdateApp.DataUpdate.FileSystemTools | Warn | File not found: T:\P2931POD.PDF | 
2017/09/22 16:17:08.661 | 15 | Experior.TMS.FileLocationUpdateApp.DataUpdate.FileSystemTools | Warn | File not found: T:\P4258.PDF | 
2017/09/22 16:17:08.680 | 15 | Experior.TMS.FileLocationUpdateApp.DataUpdate.FileSystemTools | Warn | File not found: T:\P4835.PDF | 
2017/09/22 16:17:08.680 | 15 | Experior.TMS.FileLocationUpdateApp.DataUpdate.FileSystemTools | Warn | File not found: T:\4795.PDF | 
2017/09/22 16:17:08.696 | 15 | Experior.TMS.FileLocationUpdateApp.DataUpdate.FileSystemTools | Warn | File not found: T:\P5319POD.PDF | 
2017/09/22 16:17:08.707 | 15 | Experior.TMS.FileLocationUpdateApp.DataUpdate.FileSystemTools | Warn | File not found: T:\P6109POD.PDF | 
2017/09/22 16:17:08.707 | 15 | Experior.TMS.FileLocationUpdateApp.DataUpdate.FileSystemTools | Warn | File not found: T:\P6618POD.PDF | 
2017/09/22 16:17:08.728 | 15 | Experior.TMS.FileLocationUpdateApp.DataUpdate.FileSystemTools | Warn | File not found: T:\P7193 (2).PDF | 
2017/09/22 16:17:08.739 | 15 | Experior.TMS.FileLocationUpdateApp.DataUpdate.FileSystemTools | Warn | File not found: T:\P7137POD.PDF | 
2017/09/22 16:17:08.739 | 15 | Experior.TMS.FileLocationUpdateApp.DataUpdate.FileSystemTools | Warn | File not found: T:\P7516POD.PDF | 
2017/09/22 16:17:08.755 | 15 | Experior.TMS.FileLocationUpdateApp.DataUpdate.FileSystemTools | Warn | File not found: T:\P8501POD.PDF | 
2017/09/22 16:17:08.755 | 15 | Experior.TMS.FileLocationUpdateApp.DataUpdate.FileSystemTools | Warn | File not found: T:\P8494POD.PDF | 
2017/09/22 16:17:08.778 | 15 | Experior.TMS.FileLocationUpdateApp.DataUpdate.FileSystemTools | Warn | File not found: T:\P10412.PDF | 
2017/09/22 16:17:08.788 | 15 | Experior.TMS.FileLocationUpdateApp.DataUpdate.FileSystemTools | Warn | File not found: T:\P0010773AA-BOL.PDF | 
2017/09/22 16:17:08.788 | 15 | Experior.TMS.FileLocationUpdateApp.DataUpdate.FileSystemTools | Warn | File not found: T:\POLMAX SOLUTIONS\S370POD.PDF | 
2017/09/22 16:17:08.806 | 15 | Experior.TMS.FileLocationUpdateApp.DataUpdate.FileSystemTools | Warn | File not found: T:\P12757EMAIL.pdf | 
2017/09/22 16:17:08.816 | 15 | Experior.TMS.FileLocationUpdateApp.DataUpdate.FileSystemTools | Warn | File not found: T:\P13522.pdf | 
2017/09/22 16:17:08.816 | 15 | Experior.TMS.FileLocationUpdateApp.DataUpdate.FileSystemTools | Warn | File not found: T:\P14290.pdf | 
2017/09/22 16:17:08.838 | 15 | Experior.TMS.FileLocationUpdateApp.DataUpdate.FileSystemTools | Warn | File not found: T:\P0014775-BOL.pdf | 
2017/09/22 16:17:08.849 | 15 | Experior.TMS.FileLocationUpdateApp.DataUpdate.FileSystemTools | Warn | File not found: T:\P15627.pdf | 
2017/09/22 16:17:08.849 | 15 | Experior.TMS.FileLocationUpdateApp.DataUpdate.FileSystemTools | Warn | File not found: T:\P16474.pdf | 
2017/09/22 16:17:08.866 | 15 | Experior.TMS.FileLocationUpdateApp.DataUpdate.FileSystemTools | Warn | File not found: T:\P17220.pdf | 
2017/09/22 16:17:08.866 | 15 | Experior.TMS.FileLocationUpdateApp.DataUpdate.FileSystemTools | Warn | File not found: T:\P17963.pdf | 
2017/09/22 16:17:08.885 | 15 | Experior.TMS.FileLocationUpdateApp.DataUpdate.FileSystemTools | Warn | File not found: T:\P18517R.pdf | 
2017/09/22 16:17:08.895 | 15 | Experior.TMS.FileLocationUpdateApp.DataUpdate.FileSystemTools | Warn | File not found: T:\P19319.pdf | 
2017/09/22 16:17:08.895 | 15 | Experior.TMS.FileLocationUpdateApp.DataUpdate.FileSystemTools | Warn | File not found: T:\P19862-BOL.pdf | 
2017/09/22 16:17:08.918 | 15 | Experior.TMS.FileLocationUpdateApp.DataUpdate.FileSystemTools | Warn | File not found: \\FILE-VM\TempTM Confirmations\POLMAX SOLUTIONS\S1082POD.pdf | 
2017/09/22 16:17:08.929 | 15 | Experior.TMS.FileLocationUpdateApp.DataUpdate.FileSystemTools | Warn | File not found: T:\P21212.pdf | 
2017/09/22 16:17:08.941 | 15 | Experior.TMS.FileLocationUpdateApp.DataUpdate.FileSystemTools | Warn | File not found: \\FILE-VM\TempTM Confirmations\POLMAX SOLUTIONS\S1119POD.pdf | 
2017/09/22 16:17:08.941 | 15 | Experior.TMS.FileLocationUpdateApp.DataUpdate.FileSystemTools | Warn | File not found: T:\P22098R.pdf | 
2017/09/22 16:17:08.963 | 15 | Experior.TMS.FileLocationUpdateApp.DataUpdate.FileSystemTools | Warn | File not found: T:\P22750R.pdf | 
2017/09/22 16:17:08.974 | 15 | Experior.TMS.FileLocationUpdateApp.DataUpdate.FileSystemTools | Warn | File not found: T:\P23525AA-BOL.pdf | 
2017/09/22 16:17:08.974 | 15 | Experior.TMS.FileLocationUpdateApp.DataUpdate.FileSystemTools | Warn | File not found: T:\P24680.pdf | 
2017/09/22 16:17:08.996 | 15 | Experior.TMS.FileLocationUpdateApp.DataUpdate.FileSystemTools | Warn | File not found: T:\P25146.pdf | 
2017/09/22 16:17:09.006 | 15 | Experior.TMS.FileLocationUpdateApp.DataUpdate.FileSystemTools | Warn | File not found: T:\P25584-BOL.pdf | 
2017/09/22 16:17:09.006 | 15 | Experior.TMS.FileLocationUpdateApp.DataUpdate.FileSystemTools | Warn | File not found: T:\P26899-BOL.pdf | 
2017/09/22 16:17:09.028 | 15 | Experior.TMS.FileLocationUpdateApp.DataUpdate.FileSystemTools | Warn | File not found: T:\P27422LUMPER.PDF | 
2017/09/22 16:17:09.040 | 15 | Experior.TMS.FileLocationUpdateApp.DataUpdate.FileSystemTools | Warn | File not found: T:\P28887.pdf | 
2017/09/22 16:17:09.051 | 15 | Experior.TMS.FileLocationUpdateApp.DataUpdate.FileSystemTools | Warn | File not found: T:\P29308-BOL.pdf | 
2017/09/22 16:17:09.051 | 15 | Experior.TMS.FileLocationUpdateApp.DataUpdate.FileSystemTools | Warn | File not found: T:\P0030264.pdf | 
2017/09/22 16:17:09.070 | 15 | Experior.TMS.FileLocationUpdateApp.DataUpdate.FileSystemTools | Warn | File not found: T:\P30849-BOL.pdf | 
2017/09/22 16:17:09.080 | 15 | Experior.TMS.FileLocationUpdateApp.DataUpdate.FileSystemTools | Warn | File not found: T:\POLMAX LOGISTICS\PODS\C516 | 
2017/09/22 16:17:09.080 | 15 | Experior.TMS.FileLocationUpdateApp.DataUpdate.FileSystemTools | Warn | File not found: T:\P32271.pdf | 
2017/09/22 16:17:09.102 | 15 | Experior.TMS.FileLocationUpdateApp.DataUpdate.FileSystemTools | Warn | File not found: T:\P32847-BOL.pdf | 
2017/09/22 16:17:09.111 | 15 | Experior.TMS.FileLocationUpdateApp.DataUpdate.FileSystemTools | Warn | File not found: T:\P33588.pdf | 
2017/09/22 16:17:09.111 | 15 | Experior.TMS.FileLocationUpdateApp.DataUpdate.FileSystemTools | Warn | File not found: T:\P34239-BOL.pdf | 
2017/09/22 16:17:09.132 | 15 | Experior.TMS.FileLocationUpdateApp.DataUpdate.FileSystemTools | Warn | File not found: T:\P34893-BOL.pdf | 
